<?xml version="1.0" encoding="UTF-8"?>
<testng-results skipped="0" failed="0" total="2" passed="2">
  <reporter-output>
  </reporter-output>
  <suite name="com.answer1991.account.service.pojo.TestValidateInputRegisterUserInfo" duration-ms="645" started-at="2013-10-18T05:04:56Z" finished-at="2013-10-18T05:04:57Z">
    <groups>
    </groups>
    <test name="Command line test" duration-ms="645" started-at="2013-10-18T05:04:56Z" finished-at="2013-10-18T05:04:57Z">
      <class name="com.answer1991.account.service.pojo.TestValidateInputRegisterUserInfo">
        <test-method status="PASS" signature="springTestContextBeforeTestClass()[pri:0, instance:com.answer1991.account.service.pojo.TestValidateInputRegisterUserInfo@2bb9b1ed]" name="springTestContextBeforeTestClass" is-config="true" duration-ms="8" started-at="2013-10-18T13:04:56Z" finished-at="2013-10-18T13:04:56Z">
          <reporter-output>
          </reporter-output>
        </test-method> <!-- springTestContextBeforeTestClass -->
        <test-method status="PASS" signature="springTestContextPrepareTestInstance()[pri:0, instance:com.answer1991.account.service.pojo.TestValidateInputRegisterUserInfo@2bb9b1ed]" name="springTestContextPrepareTestInstance" is-config="true" duration-ms="521" started-at="2013-10-18T13:04:56Z" depends-on-methods="org.springframework.test.context.testng.AbstractTestNGSpringContextTests.springTestContextBeforeTestClass" finished-at="2013-10-18T13:04:57Z">
          <reporter-output>
          </reporter-output>
        </test-method> <!-- springTestContextPrepareTestInstance -->
        <test-method status="PASS" signature="springTestContextBeforeTestMethod(java.lang.reflect.Method)[pri:0, instance:com.answer1991.account.service.pojo.TestValidateInputRegisterUserInfo@2bb9b1ed]" name="springTestContextBeforeTestMethod" is-config="true" duration-ms="1" started-at="2013-10-18T13:04:57Z" finished-at="2013-10-18T13:04:57Z">
          <params>
            <param index="0">
              <value>
                <![CDATA[public void com.answer1991.account.service.pojo.TestValidateInputRegisterUserInfo.testFactoryNotNull()]]>
              </value>
            </param>
          </params>
          <reporter-output>
          </reporter-output>
        </test-method> <!-- springTestContextBeforeTestMethod -->
        <test-method status="PASS" signature="rebuildValidator()[pri:0, instance:com.answer1991.account.service.pojo.TestValidateInputRegisterUserInfo@2bb9b1ed]" name="rebuildValidator" is-config="true" duration-ms="15" started-at="2013-10-18T13:04:57Z" finished-at="2013-10-18T13:04:57Z">
          <reporter-output>
          </reporter-output>
        </test-method> <!-- rebuildValidator -->
        <test-method status="PASS" signature="testFactoryNotNull()[pri:0, instance:com.answer1991.account.service.pojo.TestValidateInputRegisterUserInfo@2bb9b1ed]" name="testFactoryNotNull" duration-ms="3" started-at="2013-10-18T13:04:57Z" finished-at="2013-10-18T13:04:57Z">
          <reporter-output>
          </reporter-output>
        </test-method> <!-- testFactoryNotNull -->
        <test-method status="PASS" signature="springTestContextAfterTestMethod(java.lang.reflect.Method)[pri:0, instance:com.answer1991.account.service.pojo.TestValidateInputRegisterUserInfo@2bb9b1ed]" name="springTestContextAfterTestMethod" is-config="true" duration-ms="1" started-at="2013-10-18T13:04:57Z" finished-at="2013-10-18T13:04:57Z">
          <params>
            <param index="0">
              <value>
                <![CDATA[public void com.answer1991.account.service.pojo.TestValidateInputRegisterUserInfo.testFactoryNotNull()]]>
              </value>
            </param>
          </params>
          <reporter-output>
          </reporter-output>
        </test-method> <!-- springTestContextAfterTestMethod -->
        <test-method status="PASS" signature="springTestContextBeforeTestMethod(java.lang.reflect.Method)[pri:0, instance:com.answer1991.account.service.pojo.TestValidateInputRegisterUserInfo@2bb9b1ed]" name="springTestContextBeforeTestMethod" is-config="true" duration-ms="1" started-at="2013-10-18T13:04:57Z" finished-at="2013-10-18T13:04:57Z">
          <params>
            <param index="0">
              <value>
                <![CDATA[public void com.answer1991.account.service.pojo.TestValidateInputRegisterUserInfo.testValidateInputRegisterUserInfo()]]>
              </value>
            </param>
          </params>
          <reporter-output>
          </reporter-output>
        </test-method> <!-- springTestContextBeforeTestMethod -->
        <test-method status="PASS" signature="rebuildValidator()[pri:0, instance:com.answer1991.account.service.pojo.TestValidateInputRegisterUserInfo@2bb9b1ed]" name="rebuildValidator" is-config="true" duration-ms="0" started-at="2013-10-18T13:04:57Z" finished-at="2013-10-18T13:04:57Z">
          <reporter-output>
          </reporter-output>
        </test-method> <!-- rebuildValidator -->
        <test-method status="PASS" signature="testValidateInputRegisterUserInfo()[pri:0, instance:com.answer1991.account.service.pojo.TestValidateInputRegisterUserInfo@2bb9b1ed]" name="testValidateInputRegisterUserInfo" duration-ms="84" started-at="2013-10-18T13:04:57Z" finished-at="2013-10-18T13:04:57Z">
          <reporter-output>
          </reporter-output>
        </test-method> <!-- testValidateInputRegisterUserInfo -->
        <test-method status="PASS" signature="springTestContextAfterTestMethod(java.lang.reflect.Method)[pri:0, instance:com.answer1991.account.service.pojo.TestValidateInputRegisterUserInfo@2bb9b1ed]" name="springTestContextAfterTestMethod" is-config="true" duration-ms="1" started-at="2013-10-18T13:04:57Z" finished-at="2013-10-18T13:04:57Z">
          <params>
            <param index="0">
              <value>
                <![CDATA[public void com.answer1991.account.service.pojo.TestValidateInputRegisterUserInfo.testValidateInputRegisterUserInfo()]]>
              </value>
            </param>
          </params>
          <reporter-output>
          </reporter-output>
        </test-method> <!-- springTestContextAfterTestMethod -->
        <test-method status="PASS" signature="springTestContextAfterTestClass()[pri:0, instance:com.answer1991.account.service.pojo.TestValidateInputRegisterUserInfo@2bb9b1ed]" name="springTestContextAfterTestClass" is-config="true" duration-ms="0" started-at="2013-10-18T13:04:57Z" finished-at="2013-10-18T13:04:57Z">
          <reporter-output>
          </reporter-output>
        </test-method> <!-- springTestContextAfterTestClass -->
      </class> <!-- com.answer1991.account.service.pojo.TestValidateInputRegisterUserInfo -->
    </test> <!-- Command line test -->
  </suite> <!-- com.answer1991.account.service.pojo.TestValidateInputRegisterUserInfo -->
</testng-results>
