<?xml version="1.0" encoding="UTF-8"?>
<testng-results skipped="0" failed="0" total="2" passed="2">
  <reporter-output>
  </reporter-output>
  <suite name="Default suite" duration-ms="660" started-at="2013-10-18T09:46:56Z" finished-at="2013-10-18T09:46:57Z">
    <groups>
    </groups>
    <test name="Default test" duration-ms="660" started-at="2013-10-18T09:46:56Z" finished-at="2013-10-18T09:46:57Z">
      <class name="com.answer1991.account.service.pojo.TestValidateInputRegisterUserInfo">
        <test-method status="PASS" signature="springTestContextBeforeTestClass()[pri:0, instance:com.answer1991.account.service.pojo.TestValidateInputRegisterUserInfo@2c96cb51]" name="springTestContextBeforeTestClass" is-config="true" duration-ms="6" started-at="2013-10-18T17:46:56Z" finished-at="2013-10-18T17:46:56Z">
          <reporter-output>
          </reporter-output>
        </test-method> <!-- springTestContextBeforeTestClass -->
        <test-method status="PASS" signature="springTestContextPrepareTestInstance()[pri:0, instance:com.answer1991.account.service.pojo.TestValidateInputRegisterUserInfo@2c96cb51]" name="springTestContextPrepareTestInstance" is-config="true" duration-ms="516" started-at="2013-10-18T17:46:56Z" depends-on-methods="org.springframework.test.context.testng.AbstractTestNGSpringContextTests.springTestContextBeforeTestClass" finished-at="2013-10-18T17:46:56Z">
          <reporter-output>
          </reporter-output>
        </test-method> <!-- springTestContextPrepareTestInstance -->
        <test-method status="PASS" signature="springTestContextBeforeTestMethod(java.lang.reflect.Method)[pri:0, instance:com.answer1991.account.service.pojo.TestValidateInputRegisterUserInfo@2c96cb51]" name="springTestContextBeforeTestMethod" is-config="true" duration-ms="1" started-at="2013-10-18T17:46:57Z" finished-at="2013-10-18T17:46:57Z">
          <params>
            <param index="0">
              <value>
                <![CDATA[public void com.answer1991.account.service.pojo.TestValidateInputRegisterUserInfo.testFactoryNotNull()]]>
              </value>
            </param>
          </params>
          <reporter-output>
          </reporter-output>
        </test-method> <!-- springTestContextBeforeTestMethod -->
        <test-method status="PASS" signature="rebuildValidator()[pri:0, instance:com.answer1991.account.service.pojo.TestValidateInputRegisterUserInfo@2c96cb51]" name="rebuildValidator" is-config="true" duration-ms="14" started-at="2013-10-18T17:46:57Z" finished-at="2013-10-18T17:46:57Z">
          <reporter-output>
          </reporter-output>
        </test-method> <!-- rebuildValidator -->
        <test-method status="PASS" signature="testFactoryNotNull()[pri:0, instance:com.answer1991.account.service.pojo.TestValidateInputRegisterUserInfo@2c96cb51]" name="testFactoryNotNull" duration-ms="23" started-at="2013-10-18T17:46:57Z" finished-at="2013-10-18T17:46:57Z">
          <reporter-output>
          </reporter-output>
        </test-method> <!-- testFactoryNotNull -->
        <test-method status="PASS" signature="springTestContextAfterTestMethod(java.lang.reflect.Method)[pri:0, instance:com.answer1991.account.service.pojo.TestValidateInputRegisterUserInfo@2c96cb51]" name="springTestContextAfterTestMethod" is-config="true" duration-ms="1" started-at="2013-10-18T17:46:57Z" finished-at="2013-10-18T17:46:57Z">
          <params>
            <param index="0">
              <value>
                <![CDATA[public void com.answer1991.account.service.pojo.TestValidateInputRegisterUserInfo.testFactoryNotNull()]]>
              </value>
            </param>
          </params>
          <reporter-output>
          </reporter-output>
        </test-method> <!-- springTestContextAfterTestMethod -->
        <test-method status="PASS" signature="springTestContextBeforeTestMethod(java.lang.reflect.Method)[pri:0, instance:com.answer1991.account.service.pojo.TestValidateInputRegisterUserInfo@2c96cb51]" name="springTestContextBeforeTestMethod" is-config="true" duration-ms="0" started-at="2013-10-18T17:46:57Z" finished-at="2013-10-18T17:46:57Z">
          <params>
            <param index="0">
              <value>
                <![CDATA[public void com.answer1991.account.service.pojo.TestValidateInputRegisterUserInfo.testValidateInputRegisterUserInfo()]]>
              </value>
            </param>
          </params>
          <reporter-output>
          </reporter-output>
        </test-method> <!-- springTestContextBeforeTestMethod -->
        <test-method status="PASS" signature="rebuildValidator()[pri:0, instance:com.answer1991.account.service.pojo.TestValidateInputRegisterUserInfo@2c96cb51]" name="rebuildValidator" is-config="true" duration-ms="1" started-at="2013-10-18T17:46:57Z" finished-at="2013-10-18T17:46:57Z">
          <reporter-output>
          </reporter-output>
        </test-method> <!-- rebuildValidator -->
        <test-method status="PASS" signature="testValidateInputRegisterUserInfo()[pri:0, instance:com.answer1991.account.service.pojo.TestValidateInputRegisterUserInfo@2c96cb51]" name="testValidateInputRegisterUserInfo" duration-ms="82" started-at="2013-10-18T17:46:57Z" finished-at="2013-10-18T17:46:57Z">
          <reporter-output>
          </reporter-output>
        </test-method> <!-- testValidateInputRegisterUserInfo -->
        <test-method status="PASS" signature="springTestContextAfterTestClass()[pri:0, instance:com.answer1991.account.service.pojo.TestValidateInputRegisterUserInfo@2c96cb51]" name="springTestContextAfterTestClass" is-config="true" duration-ms="1" started-at="2013-10-18T17:46:57Z" finished-at="2013-10-18T17:46:57Z">
          <reporter-output>
          </reporter-output>
        </test-method> <!-- springTestContextAfterTestClass -->
        <test-method status="PASS" signature="springTestContextAfterTestMethod(java.lang.reflect.Method)[pri:0, instance:com.answer1991.account.service.pojo.TestValidateInputRegisterUserInfo@2c96cb51]" name="springTestContextAfterTestMethod" is-config="true" duration-ms="0" started-at="2013-10-18T17:46:57Z" finished-at="2013-10-18T17:46:57Z">
          <params>
            <param index="0">
              <value>
                <![CDATA[public void com.answer1991.account.service.pojo.TestValidateInputRegisterUserInfo.testValidateInputRegisterUserInfo()]]>
              </value>
            </param>
          </params>
          <reporter-output>
          </reporter-output>
        </test-method> <!-- springTestContextAfterTestMethod -->
      </class> <!-- com.answer1991.account.service.pojo.TestValidateInputRegisterUserInfo -->
    </test> <!-- Default test -->
  </suite> <!-- Default suite -->
</testng-results>
