<?xml version="1.0" encoding="UTF-8"?>
<!-- Generated by org.testng.reporters.JUnitXMLReporter -->
<testsuite hostname="ADMINIB-EKS3K6K" name="Default test" tests="2" failures="0" timestamp="18 Oct 2013 09:46:57 GMT" time="0.66" errors="0">
  <testcase name="testFactoryNotNull" time="0.023" classname="com.answer1991.account.service.pojo.TestValidateInputRegisterUserInfo"/>
  <testcase name="testValidateInputRegisterUserInfo" time="0.082" classname="com.answer1991.account.service.pojo.TestValidateInputRegisterUserInfo"/>
</testsuite> <!-- Default test -->
