<?xml version="1.0" encoding="UTF-8"?>
<!-- Generated by org.testng.reporters.JUnitXMLReporter -->
<testsuite hostname="ADMINIB-EKS3K6K" name="Command line test" tests="2" failures="0" timestamp="18 Oct 2013 05:04:57 GMT" time="0.645" errors="0">
  <testcase name="testFactoryNotNull" time="0.003" classname="com.answer1991.account.service.pojo.TestValidateInputRegisterUserInfo"/>
  <testcase name="testValidateInputRegisterUserInfo" time="0.084" classname="com.answer1991.account.service.pojo.TestValidateInputRegisterUserInfo"/>
</testsuite> <!-- Command line test -->
