<?xml version="1.0" encoding="UTF-8"?>
<testng-results skipped="0" failed="0" total="1" passed="1">
  <reporter-output>
  </reporter-output>
  <suite name="com.answer1991.account.TestHello" duration-ms="24" started-at="2013-12-05T09:08:13Z" finished-at="2013-12-05T09:08:13Z">
    <groups>
      <group name="hello">
        <method signature="TestHello.testGetMsg()[pri:0, instance:com.answer1991.account.TestHello@2845b098]" name="testGetMsg" class="com.answer1991.account.TestHello"/>
      </group> <!-- hello -->
    </groups>
    <test name="Command line test" duration-ms="24" started-at="2013-12-05T09:08:13Z" finished-at="2013-12-05T09:08:13Z">
      <class name="com.answer1991.account.TestHello">
        <test-method status="PASS" signature="init()[pri:0, instance:com.answer1991.account.TestHello@2845b098]" name="init" is-config="true" duration-ms="10" started-at="2013-12-05T17:08:13Z" finished-at="2013-12-05T17:08:13Z">
          <reporter-output>
          </reporter-output>
        </test-method> <!-- init -->
        <test-method status="PASS" signature="testGetMsg()[pri:0, instance:com.answer1991.account.TestHello@2845b098]" name="testGetMsg" duration-ms="2" started-at="2013-12-05T17:08:13Z" finished-at="2013-12-05T17:08:13Z">
          <reporter-output>
          </reporter-output>
        </test-method> <!-- testGetMsg -->
      </class> <!-- com.answer1991.account.TestHello -->
    </test> <!-- Command line test -->
  </suite> <!-- com.answer1991.account.TestHello -->
</testng-results>
